<?xml version="1.0" encoding="UTF-8"?>
<testsuite name="com.juseong.book.springboot.web.IndexControllerTest" tests="1" skipped="0" failures="0" errors="0" timestamp="2022-06-26T10:45:51" hostname="DESKTOP-2M1AEV4" time="0.194">
  <properties/>
  <testcase name="메인페이지_로딩()" classname="com.juseong.book.springboot.web.IndexControllerTest" time="0.194"/>
  <system-out><![CDATA[2022-06-26 19:45:49.648  INFO 8772 --- [    Test worker] .b.t.c.SpringBootTestContextBootstrapper : Neither @ContextConfiguration nor @ContextHierarchy found for test class [com.juseong.book.springboot.web.IndexControllerTest], using SpringBootContextLoader
2022-06-26 19:45:49.649  INFO 8772 --- [    Test worker] o.s.t.c.support.AbstractContextLoader    : Could not detect default resource locations for test class [com.juseong.book.springboot.web.IndexControllerTest]: no resource found for suffixes {-context.xml, Context.groovy}.
2022-06-26 19:45:49.649  INFO 8772 --- [    Test worker] t.c.s.AnnotationConfigContextLoaderUtils : Could not detect default configuration classes for test class [com.juseong.book.springboot.web.IndexControllerTest]: IndexControllerTest does not declare any static, non-private, non-final, nested classes annotated with @Configuration.
2022-06-26 19:45:49.652  INFO 8772 --- [    Test worker] .b.t.c.SpringBootTestContextBootstrapper : Found @SpringBootConfiguration com.juseong.book.springboot.Application for test class com.juseong.book.springboot.web.IndexControllerTest
2022-06-26 19:45:49.653  INFO 8772 --- [    Test worker] .b.t.c.SpringBootTestContextBootstrapper : Loaded default TestExecutionListener class names from location [META-INF/spring.factories]: [org.springframework.security.test.context.support.WithSecurityContextTestExecutionListener, org.springframework.security.test.context.support.ReactorContextTestExecutionListener, org.springframework.boot.test.autoconfigure.restdocs.RestDocsTestExecutionListener, org.springframework.boot.test.autoconfigure.web.client.MockRestServiceServerResetTestExecutionListener, org.springframework.boot.test.autoconfigure.web.servlet.MockMvcPrintOnlyOnFailureTestExecutionListener, org.springframework.boot.test.autoconfigure.web.servlet.WebDriverTestExecutionListener, org.springframework.boot.test.autoconfigure.webservices.client.MockWebServiceServerTestExecutionListener, org.springframework.boot.test.mock.mockito.MockitoTestExecutionListener, org.springframework.boot.test.mock.mockito.ResetMocksTestExecutionListener, org.springframework.test.context.web.ServletTestExecutionListener, org.springframework.test.context.support.DirtiesContextBeforeModesTestExecutionListener, org.springframework.test.context.support.DependencyInjectionTestExecutionListener, org.springframework.test.context.support.DirtiesContextTestExecutionListener, org.springframework.test.context.transaction.TransactionalTestExecutionListener, org.springframework.test.context.jdbc.SqlScriptsTestExecutionListener, org.springframework.test.context.event.EventPublishingTestExecutionListener]
2022-06-26 19:45:49.654  INFO 8772 --- [    Test worker] .b.t.c.SpringBootTestContextBootstrapper : Using TestExecutionListeners: [org.springframework.test.context.web.ServletTestExecutionListener@7f746160, org.springframework.test.context.support.DirtiesContextBeforeModesTestExecutionListener@17524c36, org.springframework.boot.test.mock.mockito.MockitoTestExecutionListener@2f89b44e, org.springframework.boot.test.autoconfigure.SpringBootDependencyInjectionTestExecutionListener@730a140b, org.springframework.test.context.support.DirtiesContextTestExecutionListener@2f29046b, org.springframework.test.context.transaction.TransactionalTestExecutionListener@2a1fce44, org.springframework.test.context.jdbc.SqlScriptsTestExecutionListener@48d6248d, org.springframework.security.test.context.support.WithSecurityContextTestExecutionListener@6b5fdbd0, org.springframework.test.context.event.EventPublishingTestExecutionListener@c32908c, org.springframework.security.test.context.support.ReactorContextTestExecutionListener@588b02a0, org.springframework.boot.test.autoconfigure.restdocs.RestDocsTestExecutionListener@2100b770, org.springframework.boot.test.autoconfigure.web.client.MockRestServiceServerResetTestExecutionListener@349469db, org.springframework.boot.test.autoconfigure.web.servlet.MockMvcPrintOnlyOnFailureTestExecutionListener@2c3a2935, org.springframework.boot.test.autoconfigure.web.servlet.WebDriverTestExecutionListener@2ca4b010, org.springframework.boot.test.autoconfigure.webservices.client.MockWebServiceServerTestExecutionListener@83b39c3, org.springframework.boot.test.mock.mockito.ResetMocksTestExecutionListener@1f7653ae]

  .   ____          _            __ _ _
 /\\ / ___'_ __ _ _(_)_ __  __ _ \ \ \ \
( ( )\___ | '_ | '_| | '_ \/ _` | \ \ \ \
 \\/  ___)| |_)| | | | | || (_| |  ) ) ) )
  '  |____| .__|_| |_|_| |_\__, | / / / /
 =========|_|==============|___/=/_/_/_/
 :: Spring Boot ::                (v2.4.1)

2022-06-26 19:45:49.685  INFO 8772 --- [    Test worker] c.j.b.s.web.IndexControllerTest          : Starting IndexControllerTest using Java 11.0.15 on DESKTOP-2M1AEV4 with PID 8772 (started by jusung in C:\springstudy\freelec-springboot2-webservice)
2022-06-26 19:45:49.685  INFO 8772 --- [    Test worker] c.j.b.s.web.IndexControllerTest          : No active profile set, falling back to default profiles: default
2022-06-26 19:45:49.889  INFO 8772 --- [    Test worker] .s.d.r.c.RepositoryConfigurationDelegate : Bootstrapping Spring Data JPA repositories in DEFAULT mode.
2022-06-26 19:45:49.909  INFO 8772 --- [    Test worker] .s.d.r.c.RepositoryConfigurationDelegate : Finished Spring Data repository scanning in 20 ms. Found 2 JPA repository interfaces.
2022-06-26 19:45:50.215  INFO 8772 --- [    Test worker] o.s.b.w.embedded.tomcat.TomcatWebServer  : Tomcat initialized with port(s): 0 (http)
2022-06-26 19:45:50.229  INFO 8772 --- [    Test worker] o.apache.catalina.core.StandardService   : Starting service [Tomcat]
2022-06-26 19:45:50.230  INFO 8772 --- [    Test worker] org.apache.catalina.core.StandardEngine  : Starting Servlet engine: [Apache Tomcat/9.0.41]
2022-06-26 19:45:50.357  INFO 8772 --- [    Test worker] o.a.c.c.C.[Tomcat].[localhost].[/]       : Initializing Spring embedded WebApplicationContext
2022-06-26 19:45:50.358  INFO 8772 --- [    Test worker] w.s.c.ServletWebServerApplicationContext : Root WebApplicationContext: initialization completed in 670 ms
2022-06-26 19:45:50.392  INFO 8772 --- [    Test worker] com.zaxxer.hikari.HikariDataSource       : HikariPool-2 - Starting...
2022-06-26 19:45:50.393  INFO 8772 --- [    Test worker] com.zaxxer.hikari.HikariDataSource       : HikariPool-2 - Start completed.
2022-06-26 19:45:50.393  INFO 8772 --- [    Test worker] o.s.b.a.h2.H2ConsoleAutoConfiguration    : H2 console available at '/h2-console'. Database available at 'jdbc:h2:mem://localhost/~/testdb'
2022-06-26 19:45:50.518  INFO 8772 --- [    Test worker] o.hibernate.jpa.internal.util.LogHelper  : HHH000204: Processing PersistenceUnitInfo [name: default]
2022-06-26 19:45:50.527  INFO 8772 --- [    Test worker] org.hibernate.dialect.Dialect            : HHH000400: Using dialect: org.hibernate.dialect.MySQL5InnoDBDialect
2022-06-26 19:45:50.569 DEBUG 8772 --- [    Test worker] org.hibernate.SQL                        : 
    
    drop table if exists posts
Hibernate: 
    
    drop table if exists posts
2022-06-26 19:45:50.573 DEBUG 8772 --- [    Test worker] org.hibernate.SQL                        : 
    
    drop table if exists user
Hibernate: 
    
    drop table if exists user
2022-06-26 19:45:50.574 DEBUG 8772 --- [    Test worker] org.hibernate.SQL                        : 
    
    create table posts (
       id bigint not null auto_increment,
        created_date datetime,
        modified_date datetime,
        author varchar(255),
        content TEXT not null,
        title varchar(500) not null,
        primary key (id)
    ) engine=InnoDB
Hibernate: 
    
    create table posts (
       id bigint not null auto_increment,
        created_date datetime,
        modified_date datetime,
        author varchar(255),
        content TEXT not null,
        title varchar(500) not null,
        primary key (id)
    ) engine=InnoDB
2022-06-26 19:45:50.578 DEBUG 8772 --- [    Test worker] org.hibernate.SQL                        : 
    
    create table user (
       id bigint not null auto_increment,
        email varchar(255) not null,
        name varchar(255) not null,
        picture varchar(255),
        role varchar(255) not null,
        primary key (id)
    ) engine=InnoDB
Hibernate: 
    
    create table user (
       id bigint not null auto_increment,
        email varchar(255) not null,
        name varchar(255) not null,
        picture varchar(255),
        role varchar(255) not null,
        primary key (id)
    ) engine=InnoDB
2022-06-26 19:45:50.584  INFO 8772 --- [    Test worker] o.h.e.t.j.p.i.JtaPlatformInitiator       : HHH000490: Using JtaPlatform implementation: [org.hibernate.engine.transaction.jta.platform.internal.NoJtaPlatform]
2022-06-26 19:45:50.584  INFO 8772 --- [    Test worker] j.LocalContainerEntityManagerFactoryBean : Initialized JPA EntityManagerFactory for persistence unit 'default'
2022-06-26 19:45:50.803  WARN 8772 --- [    Test worker] JpaBaseConfiguration$JpaWebConfiguration : spring.jpa.open-in-view is enabled by default. Therefore, database queries may be performed during view rendering. Explicitly configure spring.jpa.open-in-view to disable this warning
2022-06-26 19:45:50.966  INFO 8772 --- [    Test worker] o.s.s.web.DefaultSecurityFilterChain     : Will secure any request with [org.springframework.security.web.context.request.async.WebAsyncManagerIntegrationFilter@19cb3f, org.springframework.security.web.context.SecurityContextPersistenceFilter@198fe398, org.springframework.security.web.header.HeaderWriterFilter@35408036, org.springframework.security.web.authentication.logout.LogoutFilter@b7526a9, org.springframework.security.oauth2.client.web.OAuth2AuthorizationRequestRedirectFilter@34b69a14, org.springframework.security.oauth2.client.web.OAuth2LoginAuthenticationFilter@210b4145, org.springframework.security.web.authentication.ui.DefaultLoginPageGeneratingFilter@4c1d2a13, org.springframework.security.web.authentication.ui.DefaultLogoutPageGeneratingFilter@738a1324, org.springframework.security.web.savedrequest.RequestCacheAwareFilter@511e0453, org.springframework.security.web.servletapi.SecurityContextHolderAwareRequestFilter@60ee6f76, org.springframework.security.web.authentication.AnonymousAuthenticationFilter@73ec417b, org.springframework.security.web.session.SessionManagementFilter@6be8e6ee, org.springframework.security.web.access.ExceptionTranslationFilter@73c5b676, org.springframework.security.web.access.intercept.FilterSecurityInterceptor@7a213820]
2022-06-26 19:45:51.062  INFO 8772 --- [    Test worker] o.s.s.concurrent.ThreadPoolTaskExecutor  : Initializing ExecutorService 'applicationTaskExecutor'
2022-06-26 19:45:51.092  INFO 8772 --- [    Test worker] o.s.b.a.w.s.WelcomePageHandlerMapping    : Adding welcome page template: index
2022-06-26 19:45:51.282  INFO 8772 --- [    Test worker] o.s.b.w.embedded.tomcat.TomcatWebServer  : Tomcat started on port(s): 2296 (http) with context path ''
2022-06-26 19:45:51.284  INFO 8772 --- [    Test worker] s.a.ScheduledAnnotationBeanPostProcessor : No TaskScheduler/ScheduledExecutorService bean found for scheduled processing
2022-06-26 19:45:51.285  INFO 8772 --- [    Test worker] c.j.b.s.web.IndexControllerTest          : Started IndexControllerTest in 1.628 seconds (JVM running for 9.974)
2022-06-26 19:45:51.391  INFO 8772 --- [o-auto-1-exec-1] o.a.c.c.C.[Tomcat].[localhost].[/]       : Initializing Spring DispatcherServlet 'dispatcherServlet'
2022-06-26 19:45:51.392  INFO 8772 --- [o-auto-1-exec-1] o.s.web.servlet.DispatcherServlet        : Initializing Servlet 'dispatcherServlet'
2022-06-26 19:45:51.393  INFO 8772 --- [o-auto-1-exec-1] o.s.web.servlet.DispatcherServlet        : Completed initialization in 1 ms
2022-06-26 19:45:51.443 DEBUG 8772 --- [o-auto-1-exec-1] org.hibernate.SQL                        : 
    select
        posts0_.id as id1_0_,
        posts0_.created_date as created_2_0_,
        posts0_.modified_date as modified3_0_,
        posts0_.author as author4_0_,
        posts0_.content as content5_0_,
        posts0_.title as title6_0_ 
    from
        posts posts0_ 
    order by
        posts0_.id DESC
Hibernate: 
    select
        posts0_.id as id1_0_,
        posts0_.created_date as created_2_0_,
        posts0_.modified_date as modified3_0_,
        posts0_.author as author4_0_,
        posts0_.content as content5_0_,
        posts0_.title as title6_0_ 
    from
        posts posts0_ 
    order by
        posts0_.id DESC
]]></system-out>
  <system-err><![CDATA[]]></system-err>
</testsuite>
