<?xml version="1.0" encoding="UTF-8"?>
<testsuite name="com.juseong.book.springboot.web.PostsApiControllerTest" tests="2" skipped="0" failures="0" errors="0" timestamp="2022-06-26T10:45:51" hostname="DESKTOP-2M1AEV4" time="0.112">
  <properties/>
  <testcase name="Posts_등록된다()" classname="com.juseong.book.springboot.web.PostsApiControllerTest" time="0.076"/>
  <testcase name="Posts_수정된다()" classname="com.juseong.book.springboot.web.PostsApiControllerTest" time="0.035"/>
  <system-out><![CDATA[2022-06-26 19:45:51.485  INFO 8772 --- [    Test worker] .b.t.c.SpringBootTestContextBootstrapper : Neither @ContextConfiguration nor @ContextHierarchy found for test class [com.juseong.book.springboot.web.PostsApiControllerTest], using SpringBootContextLoader
2022-06-26 19:45:51.486  INFO 8772 --- [    Test worker] o.s.t.c.support.AbstractContextLoader    : Could not detect default resource locations for test class [com.juseong.book.springboot.web.PostsApiControllerTest]: no resource found for suffixes {-context.xml, Context.groovy}.
2022-06-26 19:45:51.486  INFO 8772 --- [    Test worker] t.c.s.AnnotationConfigContextLoaderUtils : Could not detect default configuration classes for test class [com.juseong.book.springboot.web.PostsApiControllerTest]: PostsApiControllerTest does not declare any static, non-private, non-final, nested classes annotated with @Configuration.
2022-06-26 19:45:51.487  INFO 8772 --- [    Test worker] .b.t.c.SpringBootTestContextBootstrapper : Found @SpringBootConfiguration com.juseong.book.springboot.Application for test class com.juseong.book.springboot.web.PostsApiControllerTest
2022-06-26 19:45:51.488  INFO 8772 --- [    Test worker] .b.t.c.SpringBootTestContextBootstrapper : Loaded default TestExecutionListener class names from location [META-INF/spring.factories]: [org.springframework.security.test.context.support.WithSecurityContextTestExecutionListener, org.springframework.security.test.context.support.ReactorContextTestExecutionListener, org.springframework.boot.test.autoconfigure.restdocs.RestDocsTestExecutionListener, org.springframework.boot.test.autoconfigure.web.client.MockRestServiceServerResetTestExecutionListener, org.springframework.boot.test.autoconfigure.web.servlet.MockMvcPrintOnlyOnFailureTestExecutionListener, org.springframework.boot.test.autoconfigure.web.servlet.WebDriverTestExecutionListener, org.springframework.boot.test.autoconfigure.webservices.client.MockWebServiceServerTestExecutionListener, org.springframework.boot.test.mock.mockito.MockitoTestExecutionListener, org.springframework.boot.test.mock.mockito.ResetMocksTestExecutionListener, org.springframework.test.context.web.ServletTestExecutionListener, org.springframework.test.context.support.DirtiesContextBeforeModesTestExecutionListener, org.springframework.test.context.support.DependencyInjectionTestExecutionListener, org.springframework.test.context.support.DirtiesContextTestExecutionListener, org.springframework.test.context.transaction.TransactionalTestExecutionListener, org.springframework.test.context.jdbc.SqlScriptsTestExecutionListener, org.springframework.test.context.event.EventPublishingTestExecutionListener]
2022-06-26 19:45:51.489  INFO 8772 --- [    Test worker] .b.t.c.SpringBootTestContextBootstrapper : Using TestExecutionListeners: [org.springframework.test.context.web.ServletTestExecutionListener@2dba6013, org.springframework.test.context.support.DirtiesContextBeforeModesTestExecutionListener@69b2ed81, org.springframework.boot.test.mock.mockito.MockitoTestExecutionListener@4873d4cb, org.springframework.boot.test.autoconfigure.SpringBootDependencyInjectionTestExecutionListener@31137f4d, org.springframework.test.context.support.DirtiesContextTestExecutionListener@4f573b84, org.springframework.test.context.transaction.TransactionalTestExecutionListener@3177190a, org.springframework.test.context.jdbc.SqlScriptsTestExecutionListener@67744663, org.springframework.security.test.context.support.WithSecurityContextTestExecutionListener@4d37a4d7, org.springframework.test.context.event.EventPublishingTestExecutionListener@3bca3dee, org.springframework.security.test.context.support.ReactorContextTestExecutionListener@32fcccd4, org.springframework.boot.test.autoconfigure.restdocs.RestDocsTestExecutionListener@77fec3b6, org.springframework.boot.test.autoconfigure.web.client.MockRestServiceServerResetTestExecutionListener@71fd082, org.springframework.boot.test.autoconfigure.web.servlet.MockMvcPrintOnlyOnFailureTestExecutionListener@6d50b8c2, org.springframework.boot.test.autoconfigure.web.servlet.WebDriverTestExecutionListener@399e43d0, org.springframework.boot.test.autoconfigure.webservices.client.MockWebServiceServerTestExecutionListener@387cd426, org.springframework.boot.test.mock.mockito.ResetMocksTestExecutionListener@411e886b]
2022-06-26 19:45:51.499  INFO 8772 --- [    Test worker] o.a.c.c.C.[Tomcat].[localhost].[/]       : Initializing Spring TestDispatcherServlet ''
2022-06-26 19:45:51.499  INFO 8772 --- [    Test worker] o.s.t.web.servlet.TestDispatcherServlet  : Initializing Servlet ''
2022-06-26 19:45:51.499  INFO 8772 --- [    Test worker] o.s.t.web.servlet.TestDispatcherServlet  : Completed initialization in 0 ms
2022-06-26 19:45:51.559 DEBUG 8772 --- [    Test worker] org.hibernate.SQL                        : 
    insert 
    into
        posts
        (created_date, modified_date, author, content, title) 
    values
        (?, ?, ?, ?, ?)
Hibernate: 
    insert 
    into
        posts
        (created_date, modified_date, author, content, title) 
    values
        (?, ?, ?, ?, ?)
2022-06-26 19:45:51.563 DEBUG 8772 --- [    Test worker] org.hibernate.SQL                        : 
    select
        posts0_.id as id1_0_,
        posts0_.created_date as created_2_0_,
        posts0_.modified_date as modified3_0_,
        posts0_.author as author4_0_,
        posts0_.content as content5_0_,
        posts0_.title as title6_0_ 
    from
        posts posts0_
Hibernate: 
    select
        posts0_.id as id1_0_,
        posts0_.created_date as created_2_0_,
        posts0_.modified_date as modified3_0_,
        posts0_.author as author4_0_,
        posts0_.content as content5_0_,
        posts0_.title as title6_0_ 
    from
        posts posts0_
2022-06-26 19:45:51.565 DEBUG 8772 --- [    Test worker] org.hibernate.SQL                        : 
    select
        posts0_.id as id1_0_,
        posts0_.created_date as created_2_0_,
        posts0_.modified_date as modified3_0_,
        posts0_.author as author4_0_,
        posts0_.content as content5_0_,
        posts0_.title as title6_0_ 
    from
        posts posts0_
Hibernate: 
    select
        posts0_.id as id1_0_,
        posts0_.created_date as created_2_0_,
        posts0_.modified_date as modified3_0_,
        posts0_.author as author4_0_,
        posts0_.content as content5_0_,
        posts0_.title as title6_0_ 
    from
        posts posts0_
2022-06-26 19:45:51.566 DEBUG 8772 --- [    Test worker] org.hibernate.SQL                        : 
    delete 
    from
        posts 
    where
        id=?
Hibernate: 
    delete 
    from
        posts 
    where
        id=?
2022-06-26 19:45:51.572  INFO 8772 --- [    Test worker] o.a.c.c.C.[Tomcat].[localhost].[/]       : Initializing Spring TestDispatcherServlet ''
2022-06-26 19:45:51.573  INFO 8772 --- [    Test worker] o.s.t.web.servlet.TestDispatcherServlet  : Initializing Servlet ''
2022-06-26 19:45:51.573  INFO 8772 --- [    Test worker] o.s.t.web.servlet.TestDispatcherServlet  : Completed initialization in 0 ms
2022-06-26 19:45:51.574 DEBUG 8772 --- [    Test worker] org.hibernate.SQL                        : 
    insert 
    into
        posts
        (created_date, modified_date, author, content, title) 
    values
        (?, ?, ?, ?, ?)
Hibernate: 
    insert 
    into
        posts
        (created_date, modified_date, author, content, title) 
    values
        (?, ?, ?, ?, ?)
2022-06-26 19:45:51.585 DEBUG 8772 --- [    Test worker] org.hibernate.SQL                        : 
    select
        posts0_.id as id1_0_0_,
        posts0_.created_date as created_2_0_0_,
        posts0_.modified_date as modified3_0_0_,
        posts0_.author as author4_0_0_,
        posts0_.content as content5_0_0_,
        posts0_.title as title6_0_0_ 
    from
        posts posts0_ 
    where
        posts0_.id=?
Hibernate: 
    select
        posts0_.id as id1_0_0_,
        posts0_.created_date as created_2_0_0_,
        posts0_.modified_date as modified3_0_0_,
        posts0_.author as author4_0_0_,
        posts0_.content as content5_0_0_,
        posts0_.title as title6_0_0_ 
    from
        posts posts0_ 
    where
        posts0_.id=?
2022-06-26 19:45:51.593 DEBUG 8772 --- [    Test worker] org.hibernate.SQL                        : 
    update
        posts 
    set
        created_date=?,
        modified_date=?,
        author=?,
        content=?,
        title=? 
    where
        id=?
Hibernate: 
    update
        posts 
    set
        created_date=?,
        modified_date=?,
        author=?,
        content=?,
        title=? 
    where
        id=?
2022-06-26 19:45:51.598 DEBUG 8772 --- [    Test worker] org.hibernate.SQL                        : 
    select
        posts0_.id as id1_0_,
        posts0_.created_date as created_2_0_,
        posts0_.modified_date as modified3_0_,
        posts0_.author as author4_0_,
        posts0_.content as content5_0_,
        posts0_.title as title6_0_ 
    from
        posts posts0_
Hibernate: 
    select
        posts0_.id as id1_0_,
        posts0_.created_date as created_2_0_,
        posts0_.modified_date as modified3_0_,
        posts0_.author as author4_0_,
        posts0_.content as content5_0_,
        posts0_.title as title6_0_ 
    from
        posts posts0_
2022-06-26 19:45:51.601 DEBUG 8772 --- [    Test worker] org.hibernate.SQL                        : 
    select
        posts0_.id as id1_0_,
        posts0_.created_date as created_2_0_,
        posts0_.modified_date as modified3_0_,
        posts0_.author as author4_0_,
        posts0_.content as content5_0_,
        posts0_.title as title6_0_ 
    from
        posts posts0_
Hibernate: 
    select
        posts0_.id as id1_0_,
        posts0_.created_date as created_2_0_,
        posts0_.modified_date as modified3_0_,
        posts0_.author as author4_0_,
        posts0_.content as content5_0_,
        posts0_.title as title6_0_ 
    from
        posts posts0_
2022-06-26 19:45:51.602 DEBUG 8772 --- [    Test worker] org.hibernate.SQL                        : 
    delete 
    from
        posts 
    where
        id=?
Hibernate: 
    delete 
    from
        posts 
    where
        id=?
]]></system-out>
  <system-err><![CDATA[]]></system-err>
</testsuite>
